# JRE version: Java(TM) SE Runtime Environment (8.0_91-b14) (build 1.8.0_91-b14)
# Java VM: Java HotSpot(TM) 64-Bit Server VM (25.91-b14 mixed mode windows-amd64 compressed oops)
Heap:
 PSYoungGen      total 274944K, used 32237K [0x00000000eab00000, 0x0000000100000000, 0x0000000100000000)
  eden space 200704K, 0% used [0x00000000eab00000,0x00000000eab00000,0x00000000f6f00000)
  from space 74240K, 43% used [0x00000000f6f00000,0x00000000f8e7b408,0x00000000fb780000)
  to   space 71680K, 0% used [0x00000000fba00000,0x00000000fba00000,0x0000000100000000)
 ParOldGen       total 164352K, used 131382K [0x00000000c0000000, 0x00000000ca080000, 0x00000000eab00000)
  object space 164352K, 79% used [0x00000000c0000000,0x00000000c804dbd8,0x00000000ca080000)
 Metaspace       used 6633K, capacity 7320K, committed 7680K, reserved 1056768K
  class space    used 626K, capacity 656K, committed 768K, reserved 1048576K
GC Heap History (10 events):
Event: 1.489 GC heap after
Heap after GC invocations=8 (full 0):
 PSYoungGen      total 282112K, used 31230K [0x00000000eab00000, 0x00000000ff800000, 0x0000000100000000)
  eden space 250880K, 0% used [0x00000000eab00000,0x00000000eab00000,0x00000000fa000000)
  from space 31232K, 99% used [0x00000000fc780000,0x00000000fe5ff9d0,0x00000000fe600000)
  to   space 40448K, 0% used [0x00000000fa000000,0x00000000fa000000,0x00000000fc780000)
 ParOldGen       total 87552K, used 38570K [0x00000000c0000000, 0x00000000c5580000, 0x00000000eab00000)
  object space 87552K, 44% used [0x00000000c0000000,0x00000000c25aabb0,0x00000000c5580000)
 Metaspace       used 6555K, capacity 7320K, committed 7680K, reserved 1056768K
  class space    used 625K, capacity 656K, committed 768K, reserved 1048576K
}
Event: 1.890 GC heap before
{Heap before GC invocations=9 (full 0):
 PSYoungGen      total 282112K, used 282110K [0x00000000eab00000, 0x00000000ff800000, 0x0000000100000000)
  eden space 250880K, 100% used [0x00000000eab00000,0x00000000fa000000,0x00000000fa000000)
  from space 31232K, 99% used [0x00000000fc780000,0x00000000fe5ff9d0,0x00000000fe600000)
  to   space 40448K, 0% used [0x00000000fa000000,0x00000000fa000000,0x00000000fc780000)
 ParOldGen       total 87552K, used 38570K [0x00000000c0000000, 0x00000000c5580000, 0x00000000eab00000)
  object space 87552K, 44% used [0x00000000c0000000,0x00000000c25aabb0,0x00000000c5580000)
 Metaspace       used 6600K, capacity 7320K, committed 7680K, reserved 1056768K
  class space    used 626K, capacity 656K, committed 768K, reserved 1048576K
Event: 1.948 GC heap after
Heap after GC invocations=9 (full 0):
 PSYoungGen      total 291328K, used 40437K [0x00000000eab00000, 0x0000000100000000, 0x0000000100000000)
  eden space 250880K, 0% used [0x00000000eab00000,0x00000000eab00000,0x00000000fa000000)
  from space 40448K, 99% used [0x00000000fa000000,0x00000000fc77d798,0x00000000fc780000)
  to   space 56320K, 0% used [0x00000000fc900000,0x00000000fc900000,0x0000000100000000)
 ParOldGen       total 87552K, used 58779K [0x00000000c0000000, 0x00000000c5580000, 0x00000000eab00000)
  object space 87552K, 67% used [0x00000000c0000000,0x00000000c3966ea8,0x00000000c5580000)
 Metaspace       used 6600K, capacity 7320K, committed 7680K, reserved 1056768K
  class space    used 626K, capacity 656K, committed 768K, reserved 1048576K
}
Event: 2.396 GC heap before
{Heap before GC invocations=10 (full 0):
 PSYoungGen      total 291328K, used 291317K [0x00000000eab00000, 0x0000000100000000, 0x0000000100000000)
  eden space 250880K, 100% used [0x00000000eab00000,0x00000000fa000000,0x00000000fa000000)
  from space 40448K, 99% used [0x00000000fa000000,0x00000000fc77d798,0x00000000fc780000)
  to   space 56320K, 0% used [0x00000000fc900000,0x00000000fc900000,0x0000000100000000)
 ParOldGen       total 87552K, used 58779K [0x00000000c0000000, 0x00000000c5580000, 0x00000000eab00000)
  object space 87552K, 67% used [0x00000000c0000000,0x00000000c3966ea8,0x00000000c5580000)
 Metaspace       used 6625K, capacity 7320K, committed 7680K, reserved 1056768K
  class space    used 626K, capacity 656K, committed 768K, reserved 1048576K
Event: 2.451 GC heap after
Heap after GC invocations=10 (full 0):
 PSYoungGen      total 257024K, used 56314K [0x00000000eab00000, 0x0000000100000000, 0x0000000100000000)
  eden space 200704K, 0% used [0x00000000eab00000,0x00000000eab00000,0x00000000f6f00000)
  from space 56320K, 99% used [0x00000000fc900000,0x00000000ffffe8a8,0x0000000100000000)
  to   space 74240K, 0% used [0x00000000f6f00000,0x00000000f6f00000,0x00000000fb780000)
 ParOldGen       total 87552K, used 81915K [0x00000000c0000000, 0x00000000c5580000, 0x00000000eab00000)
  object space 87552K, 93% used [0x00000000c0000000,0x00000000c4ffed40,0x00000000c5580000)
 Metaspace       used 6625K, capacity 7320K, committed 7680K, reserved 1056768K
  class space    used 626K, capacity 656K, committed 768K, reserved 1048576K
}
Event: 2.451 GC heap before
{Heap before GC invocations=11 (full 1):
 PSYoungGen      total 257024K, used 56314K [0x00000000eab00000, 0x0000000100000000, 0x0000000100000000)
  eden space 200704K, 0% used [0x00000000eab00000,0x00000000eab00000,0x00000000f6f00000)
  from space 56320K, 99% used [0x00000000fc900000,0x00000000ffffe8a8,0x0000000100000000)
  to   space 74240K, 0% used [0x00000000f6f00000,0x00000000f6f00000,0x00000000fb780000)
 ParOldGen       total 87552K, used 81915K [0x00000000c0000000, 0x00000000c5580000, 0x00000000eab00000)
  object space 87552K, 93% used [0x00000000c0000000,0x00000000c4ffed40,0x00000000c5580000)
 Metaspace       used 6625K, capacity 7320K, committed 7680K, reserved 1056768K
  class space    used 626K, capacity 656K, committed 768K, reserved 1048576K
Event: 2.830 GC heap after
Heap after GC invocations=11 (full 1):
 PSYoungGen      total 257024K, used 44355K [0x00000000eab00000, 0x0000000100000000, 0x0000000100000000)
  eden space 200704K, 0% used [0x00000000eab00000,0x00000000eab00000,0x00000000f6f00000)
  from space 56320K, 78% used [0x00000000fc900000,0x00000000ff450d88,0x0000000100000000)
  to   space 74240K, 0% used [0x00000000f6f00000,0x00000000f6f00000,0x00000000fb780000)
 ParOldGen       total 164352K, used 87231K [0x00000000c0000000, 0x00000000ca080000, 0x00000000eab00000)
  object space 164352K, 53% used [0x00000000c0000000,0x00000000c552ff38,0x00000000ca080000)
 Metaspace       used 6625K, capacity 7320K, committed 7680K, reserved 1056768K
  class space    used 626K, capacity 656K, committed 768K, reserved 1048576K
}
Event: 3.123 GC heap before
{Heap before GC invocations=12 (full 1):
 PSYoungGen      total 257024K, used 245059K [0x00000000eab00000, 0x0000000100000000, 0x0000000100000000)
  eden space 200704K, 100% used [0x00000000eab00000,0x00000000f6f00000,0x00000000f6f00000)
  from space 56320K, 78% used [0x00000000fc900000,0x00000000ff450d88,0x0000000100000000)
  to   space 74240K, 0% used [0x00000000f6f00000,0x00000000f6f00000,0x00000000fb780000)
 ParOldGen       total 164352K, used 87231K [0x00000000c0000000, 0x00000000ca080000, 0x00000000eab00000)
  object space 164352K, 53% used [0x00000000c0000000,0x00000000c552ff38,0x00000000ca080000)
 Metaspace       used 6633K, capacity 7320K, committed 7680K, reserved 1056768K
  class space    used 626K, capacity 656K, committed 768K, reserved 1048576K
Event: 3.179 GC heap after
Heap after GC invocations=12 (full 1):
 PSYoungGen      total 274944K, used 32237K [0x00000000eab00000, 0x0000000100000000, 0x0000000100000000)
  eden space 200704K, 0% used [0x00000000eab00000,0x00000000eab00000,0x00000000f6f00000)
  from space 74240K, 43% used [0x00000000f6f00000,0x00000000f8e7b408,0x00000000fb780000)
  to   space 71680K, 0% used [0x00000000fba00000,0x00000000fba00000,0x0000000100000000)
 ParOldGen       total 164352K, used 131382K [0x00000000c0000000, 0x00000000ca080000, 0x00000000eab00000)
  object space 164352K, 79% used [0x00000000c0000000,0x00000000c804dbd8,0x00000000ca080000)
 Metaspace       used 6633K, capacity 7320K, committed 7680K, reserved 1056768K
  class space    used 626K, capacity 656K, committed 768K, reserved 1048576K
}
Event: 3.179 GC heap before
{Heap before GC invocations=13 (full 2):
 PSYoungGen      total 274944K, used 32237K [0x00000000eab00000, 0x0000000100000000, 0x0000000100000000)
  eden space 200704K, 0% used [0x00000000eab00000,0x00000000eab00000,0x00000000f6f00000)
  from space 74240K, 43% used [0x00000000f6f00000,0x00000000f8e7b408,0x00000000fb780000)
  to   space 71680K, 0% used [0x00000000fba00000,0x00000000fba00000,0x0000000100000000)
 ParOldGen       total 164352K, used 131382K [0x00000000c0000000, 0x00000000ca080000, 0x00000000eab00000)
  object space 164352K, 79% used [0x00000000c0000000,0x00000000c804dbd8,0x00000000ca080000)
 Metaspace       used 6633K, capacity 7320K, committed 7680K, reserved 1056768K
  class space    used 626K, capacity 656K, committed 768K, reserved 1048576K

