# JRE version: Java(TM) SE Runtime Environment (8.0_91-b14) (build 1.8.0_91-b14)
# Java VM: Java HotSpot(TM) 64-Bit Server VM (25.91-b14 mixed mode windows-amd64 compressed oops)
Heap:
 PSYoungGen      total 270848K, used 78311K [0x00000000eab00000, 0x0000000100000000, 0x0000000100000000)
  eden space 192512K, 0% used [0x00000000eab00000,0x00000000eab00000,0x00000000f6700000)
  from space 78336K, 99% used [0x00000000f6700000,0x00000000fb379c38,0x00000000fb380000)
  to   space 78336K, 0% used [0x00000000fb380000,0x00000000fb380000,0x0000000100000000)
 ParOldGen       total 165376K, used 136760K [0x00000000c0000000, 0x00000000ca180000, 0x00000000eab00000)
  object space 165376K, 82% used [0x00000000c0000000,0x00000000c858e1d0,0x00000000ca180000)
 Metaspace       used 6623K, capacity 7320K, committed 7680K, reserved 1056768K
  class space    used 626K, capacity 656K, committed 768K, reserved 1048576K
GC Heap History (10 events):
Event: 1.738 GC heap after
Heap after GC invocations=10 (full 0):
 PSYoungGen      total 258560K, used 54762K [0x00000000eab00000, 0x0000000100000000, 0x0000000100000000)
  eden space 203776K, 0% used [0x00000000eab00000,0x00000000eab00000,0x00000000f7200000)
  from space 54784K, 99% used [0x00000000fca80000,0x00000000ffffaa58,0x0000000100000000)
  to   space 72704K, 0% used [0x00000000f7200000,0x00000000f7200000,0x00000000fb900000)
 ParOldGen       total 87552K, used 81521K [0x00000000c0000000, 0x00000000c5580000, 0x00000000eab00000)
  object space 87552K, 93% used [0x00000000c0000000,0x00000000c4f9c630,0x00000000c5580000)
 Metaspace       used 6603K, capacity 7320K, committed 7680K, reserved 1056768K
  class space    used 626K, capacity 656K, committed 768K, reserved 1048576K
}
Event: 1.738 GC heap before
{Heap before GC invocations=11 (full 1):
 PSYoungGen      total 258560K, used 54762K [0x00000000eab00000, 0x0000000100000000, 0x0000000100000000)
  eden space 203776K, 0% used [0x00000000eab00000,0x00000000eab00000,0x00000000f7200000)
  from space 54784K, 99% used [0x00000000fca80000,0x00000000ffffaa58,0x0000000100000000)
  to   space 72704K, 0% used [0x00000000f7200000,0x00000000f7200000,0x00000000fb900000)
 ParOldGen       total 87552K, used 81521K [0x00000000c0000000, 0x00000000c5580000, 0x00000000eab00000)
  object space 87552K, 93% used [0x00000000c0000000,0x00000000c4f9c630,0x00000000c5580000)
 Metaspace       used 6603K, capacity 7320K, committed 7680K, reserved 1056768K
  class space    used 626K, capacity 656K, committed 768K, reserved 1048576K
Event: 2.034 GC heap after
Heap after GC invocations=11 (full 1):
 PSYoungGen      total 258560K, used 41770K [0x00000000eab00000, 0x0000000100000000, 0x0000000100000000)
  eden space 203776K, 0% used [0x00000000eab00000,0x00000000eab00000,0x00000000f7200000)
  from space 54784K, 76% used [0x00000000fca80000,0x00000000ff34aa40,0x0000000100000000)
  to   space 72704K, 0% used [0x00000000f7200000,0x00000000f7200000,0x00000000fb900000)
 ParOldGen       total 165376K, used 87436K [0x00000000c0000000, 0x00000000ca180000, 0x00000000eab00000)
  object space 165376K, 52% used [0x00000000c0000000,0x00000000c55633a0,0x00000000ca180000)
 Metaspace       used 6603K, capacity 7320K, committed 7680K, reserved 1056768K
  class space    used 626K, capacity 656K, committed 768K, reserved 1048576K
}
Event: 2.267 GC heap before
{Heap before GC invocations=12 (full 1):
 PSYoungGen      total 258560K, used 245546K [0x00000000eab00000, 0x0000000100000000, 0x0000000100000000)
  eden space 203776K, 100% used [0x00000000eab00000,0x00000000f7200000,0x00000000f7200000)
  from space 54784K, 76% used [0x00000000fca80000,0x00000000ff34aa40,0x0000000100000000)
  to   space 72704K, 0% used [0x00000000f7200000,0x00000000f7200000,0x00000000fb900000)
 ParOldGen       total 165376K, used 87436K [0x00000000c0000000, 0x00000000ca180000, 0x00000000eab00000)
  object space 165376K, 52% used [0x00000000c0000000,0x00000000c55633a0,0x00000000ca180000)
 Metaspace       used 6610K, capacity 7320K, committed 7680K, reserved 1056768K
  class space    used 626K, capacity 656K, committed 768K, reserved 1048576K
Event: 2.311 GC heap after
Heap after GC invocations=12 (full 1):
 PSYoungGen      total 276480K, used 31948K [0x00000000eab00000, 0x0000000100000000, 0x0000000100000000)
  eden space 203776K, 0% used [0x00000000eab00000,0x00000000eab00000,0x00000000f7200000)
  from space 72704K, 43% used [0x00000000f7200000,0x00000000f9133130,0x00000000fb900000)
  to   space 70656K, 0% used [0x00000000fbb00000,0x00000000fbb00000,0x0000000100000000)
 ParOldGen       total 165376K, used 128803K [0x00000000c0000000, 0x00000000ca180000, 0x00000000eab00000)
  object space 165376K, 77% used [0x00000000c0000000,0x00000000c7dc8ca8,0x00000000ca180000)
 Metaspace       used 6610K, capacity 7320K, committed 7680K, reserved 1056768K
  class space    used 626K, capacity 656K, committed 768K, reserved 1048576K
}
Event: 2.548 GC heap before
{Heap before GC invocations=13 (full 1):
 PSYoungGen      total 276480K, used 235724K [0x00000000eab00000, 0x0000000100000000, 0x0000000100000000)
  eden space 203776K, 100% used [0x00000000eab00000,0x00000000f7200000,0x00000000f7200000)
  from space 72704K, 43% used [0x00000000f7200000,0x00000000f9133130,0x00000000fb900000)
  to   space 70656K, 0% used [0x00000000fbb00000,0x00000000fbb00000,0x0000000100000000)
 ParOldGen       total 165376K, used 128803K [0x00000000c0000000, 0x00000000ca180000, 0x00000000eab00000)
  object space 165376K, 77% used [0x00000000c0000000,0x00000000c7dc8ca8,0x00000000ca180000)
 Metaspace       used 6614K, capacity 7320K, committed 7680K, reserved 1056768K
  class space    used 626K, capacity 656K, committed 768K, reserved 1048576K
Event: 2.579 GC heap after
Heap after GC invocations=13 (full 1):
 PSYoungGen      total 263168K, used 59326K [0x00000000eab00000, 0x0000000100000000, 0x0000000100000000)
  eden space 192512K, 0% used [0x00000000eab00000,0x00000000eab00000,0x00000000f6700000)
  from space 70656K, 83% used [0x00000000fbb00000,0x00000000ff4ef938,0x0000000100000000)
  to   space 78336K, 0% used [0x00000000f6700000,0x00000000f6700000,0x00000000fb380000)
 ParOldGen       total 165376K, used 128811K [0x00000000c0000000, 0x00000000ca180000, 0x00000000eab00000)
  object space 165376K, 77% used [0x00000000c0000000,0x00000000c7dcaca8,0x00000000ca180000)
 Metaspace       used 6614K, capacity 7320K, committed 7680K, reserved 1056768K
  class space    used 626K, capacity 656K, committed 768K, reserved 1048576K
}
Event: 2.781 GC heap before
{Heap before GC invocations=14 (full 1):
 PSYoungGen      total 263168K, used 251838K [0x00000000eab00000, 0x0000000100000000, 0x0000000100000000)
  eden space 192512K, 100% used [0x00000000eab00000,0x00000000f6700000,0x00000000f6700000)
  from space 70656K, 83% used [0x00000000fbb00000,0x00000000ff4ef938,0x0000000100000000)
  to   space 78336K, 0% used [0x00000000f6700000,0x00000000f6700000,0x00000000fb380000)
 ParOldGen       total 165376K, used 128811K [0x00000000c0000000, 0x00000000ca180000, 0x00000000eab00000)
  object space 165376K, 77% used [0x00000000c0000000,0x00000000c7dcaca8,0x00000000ca180000)
 Metaspace       used 6623K, capacity 7320K, committed 7680K, reserved 1056768K
  class space    used 626K, capacity 656K, committed 768K, reserved 1048576K
Event: 2.817 GC heap after
Heap after GC invocations=14 (full 1):
 PSYoungGen      total 270848K, used 78311K [0x00000000eab00000, 0x0000000100000000, 0x0000000100000000)
  eden space 192512K, 0% used [0x00000000eab00000,0x00000000eab00000,0x00000000f6700000)
  from space 78336K, 99% used [0x00000000f6700000,0x00000000fb379c38,0x00000000fb380000)
  to   space 78336K, 0% used [0x00000000fb380000,0x00000000fb380000,0x0000000100000000)
 ParOldGen       total 165376K, used 136760K [0x00000000c0000000, 0x00000000ca180000, 0x00000000eab00000)
  object space 165376K, 82% used [0x00000000c0000000,0x00000000c858e1d0,0x00000000ca180000)
 Metaspace       used 6623K, capacity 7320K, committed 7680K, reserved 1056768K
  class space    used 626K, capacity 656K, committed 768K, reserved 1048576K
}
Event: 2.817 GC heap before
{Heap before GC invocations=15 (full 2):
 PSYoungGen      total 270848K, used 78311K [0x00000000eab00000, 0x0000000100000000, 0x0000000100000000)
  eden space 192512K, 0% used [0x00000000eab00000,0x00000000eab00000,0x00000000f6700000)
  from space 78336K, 99% used [0x00000000f6700000,0x00000000fb379c38,0x00000000fb380000)
  to   space 78336K, 0% used [0x00000000fb380000,0x00000000fb380000,0x0000000100000000)
 ParOldGen       total 165376K, used 136760K [0x00000000c0000000, 0x00000000ca180000, 0x00000000eab00000)
  object space 165376K, 82% used [0x00000000c0000000,0x00000000c858e1d0,0x00000000ca180000)
 Metaspace       used 6623K, capacity 7320K, committed 7680K, reserved 1056768K
  class space    used 626K, capacity 656K, committed 768K, reserved 1048576K

